<?xml version="1.0" encoding="UTF-8"?>
<!-- Generated by org.testng.reporters.JUnitXMLReporter -->
<testsuite ignored="0" hostname="TYSS-Praveen" failures="1" tests="5" name="Default test" time="34.905" errors="0" timestamp="2023-04-13T20:32:58 IST">
  <testcase classname="com.qa.nobero.cartTest.cartTest" name="ToVerifyProductIsAddedToCartTest" time="5.637">
    <skipped/>
  </testcase> <!-- ToVerifyProductIsAddedToCartTest -->
  <testcase classname="com.qa.nobero.cartTest.cartTest" name="ToVerifyProductIsAddedToCartTest" time="1.181">
    <skipped/>
  </testcase> <!-- ToVerifyProductIsAddedToCartTest -->
  <testcase classname="com.qa.nobero.cartTest.cartTest" name="ToVerifyProductIsAddedToCartTest" time="1.201">
    <skipped/>
  </testcase> <!-- ToVerifyProductIsAddedToCartTest -->
  <testcase classname="com.qa.nobero.cartTest.cartTest" name="ToVerifyProductIsAddedToCartTest" time="1.23">
    <skipped/>
  </testcase> <!-- ToVerifyProductIsAddedToCartTest -->
  <testcase classname="com.qa.nobero.cartTest.cartTest" name="ToVerifyProductIsAddedToCartTest" time="1.26">
    <failure type="org.openqa.selenium.ElementClickInterceptedException" message="element click intercepted: Element &amp;lt;svg width=&amp;quot;18&amp;quot; height=&amp;quot;16&amp;quot; viewBox=&amp;quot;0 0 18 16&amp;quot; fill=&amp;quot;none&amp;quot; xmlns=&amp;quot;http://www.w3.org/2000/svg&amp;quot;&amp;gt;...&amp;lt;/svg&amp;gt; is not clickable at point (28, 59). Other element would receive the click: &amp;lt;div id=&amp;quot;filter-dropdown-bg&amp;quot; class=&amp;quot;z-50 fixed left-0 top-0 h-screen w-screen bg-[#141A38]/50 invisible&amp;quot; style=&amp;quot;visibility: visible;&amp;quot;&amp;gt;&amp;lt;/div&amp;gt;
  (Session info: chrome=112.0.5615.48)
Build info: version: &amp;apos;4.8.1&amp;apos;, revision: &amp;apos;8ebccac989&amp;apos;
System info: os.name: &amp;apos;Windows 10&amp;apos;, os.arch: &amp;apos;amd64&amp;apos;, os.version: &amp;apos;10.0&amp;apos;, java.version: &amp;apos;17.0.6&amp;apos;
Driver info: io.appium.java_client.android.AndroidDriver
Command: [b12f36f4-cfb6-4572-8c9f-c5e9d536180d, clickElement {id=ef1d32af-012b-42f2-b2d0-3c27199bf49d}]
Capabilities {appium:appActivity: com.google.android.apps.chr..., appium:appPackage: com.android.chrome, appium:automationName: uiautomator2, appium:chromedriverExecutable: C:\Users\Praveen B\Download..., appium:chromedriverExecutableDir: null/driver/.exe, appium:databaseEnabled: false, appium:desired: {automationName: uiautomator2, browserName: chrome, chromedriverExecutable: C:\Users\Praveen B\Download..., chromedriverExecutableDir: null/driver/.exe, deviceName: &amp;quot;Redmi Note 12&amp;quot;, platformName: android, platformVersion: 12, udid: 509ead11022}, appium:deviceApiLevel: 31, appium:deviceManufacturer: Xiaomi, appium:deviceModel: 22111317I, appium:deviceName: 509ead11022, appium:deviceScreenDensity: 440, appium:deviceScreenSize: 1080x2400, appium:deviceUDID: 509ead11022, appium:javascriptEnabled: true, appium:locationContextEnabled: false, appium:networkConnectionEnabled: true, appium:pixelRatio: 2.75, appium:platformVersion: 12, appium:statBarHeight: 94, appium:takesScreenshot: true, appium:udid: 509ead11022, appium:viewportRect: {height: 2082, left: 0, top: 94, width: 1080}, appium:warnings: {}, appium:webStorageEnabled: false, browserName: chrome, platformName: ANDROID}
Element: [[AndroidDriver: chrome on ANDROID (b12f36f4-cfb6-4572-8c9f-c5e9d536180d)] -&amp;gt; xpath: //*[local-name()=&amp;apos;svg&amp;apos; and @viewBox=&amp;apos;0 0 18 16&amp;apos;]]
Session ID: b12f36f4-cfb6-4572-8c9f-c5e9d536180d">
      <![CDATA[org.openqa.selenium.ElementClickInterceptedException: element click intercepted: Element <svg width="18" height="16" viewBox="0 0 18 16" fill="none" xmlns="http://www.w3.org/2000/svg">...</svg> is not clickable at point (28, 59). Other element would receive the click: <div id="filter-dropdown-bg" class="z-50 fixed left-0 top-0 h-screen w-screen bg-[#141A38]/50 invisible" style="visibility: visible;"></div>
  (Session info: chrome=112.0.5615.48)
Build info: version: '4.8.1', revision: '8ebccac989'
System info: os.name: 'Windows 10', os.arch: 'amd64', os.version: '10.0', java.version: '17.0.6'
Driver info: io.appium.java_client.android.AndroidDriver
Command: [b12f36f4-cfb6-4572-8c9f-c5e9d536180d, clickElement {id=ef1d32af-012b-42f2-b2d0-3c27199bf49d}]
Capabilities {appium:appActivity: com.google.android.apps.chr..., appium:appPackage: com.android.chrome, appium:automationName: uiautomator2, appium:chromedriverExecutable: C:\Users\Praveen B\Download..., appium:chromedriverExecutableDir: null/driver/.exe, appium:databaseEnabled: false, appium:desired: {automationName: uiautomator2, browserName: chrome, chromedriverExecutable: C:\Users\Praveen B\Download..., chromedriverExecutableDir: null/driver/.exe, deviceName: "Redmi Note 12", platformName: android, platformVersion: 12, udid: 509ead11022}, appium:deviceApiLevel: 31, appium:deviceManufacturer: Xiaomi, appium:deviceModel: 22111317I, appium:deviceName: 509ead11022, appium:deviceScreenDensity: 440, appium:deviceScreenSize: 1080x2400, appium:deviceUDID: 509ead11022, appium:javascriptEnabled: true, appium:locationContextEnabled: false, appium:networkConnectionEnabled: true, appium:pixelRatio: 2.75, appium:platformVersion: 12, appium:statBarHeight: 94, appium:takesScreenshot: true, appium:udid: 509ead11022, appium:viewportRect: {height: 2082, left: 0, top: 94, width: 1080}, appium:warnings: {}, appium:webStorageEnabled: false, browserName: chrome, platformName: ANDROID}
Element: [[AndroidDriver: chrome on ANDROID (b12f36f4-cfb6-4572-8c9f-c5e9d536180d)] -> xpath: //*[local-name()='svg' and @viewBox='0 0 18 16']]
Session ID: b12f36f4-cfb6-4572-8c9f-c5e9d536180d
at java.base/jdk.internal.reflect.NativeConstructorAccessorImpl.newInstance0(Native Method)
at java.base/jdk.internal.reflect.NativeConstructorAccessorImpl.newInstance(NativeConstructorAccessorImpl.java:77)
at java.base/jdk.internal.reflect.DelegatingConstructorAccessorImpl.newInstance(DelegatingConstructorAccessorImpl.java:45)
at java.base/java.lang.reflect.Constructor.newInstanceWithCaller(Constructor.java:499)
at java.base/java.lang.reflect.Constructor.newInstance(Constructor.java:480)
at org.openqa.selenium.remote.codec.w3c.W3CHttpResponseCodec.createException(W3CHttpResponseCodec.java:200)
at org.openqa.selenium.remote.codec.w3c.W3CHttpResponseCodec.decode(W3CHttpResponseCodec.java:133)
at org.openqa.selenium.remote.codec.w3c.W3CHttpResponseCodec.decode(W3CHttpResponseCodec.java:53)
at org.openqa.selenium.remote.HttpCommandExecutor.execute(HttpCommandExecutor.java:184)
at io.appium.java_client.remote.AppiumCommandExecutor.execute(AppiumCommandExecutor.java:262)
at org.openqa.selenium.remote.RemoteWebDriver.execute(RemoteWebDriver.java:543)
at org.openqa.selenium.remote.RemoteWebElement.execute(RemoteWebElement.java:257)
at org.openqa.selenium.remote.RemoteWebElement.click(RemoteWebElement.java:78)
at java.base/jdk.internal.reflect.NativeMethodAccessorImpl.invoke0(Native Method)
at java.base/jdk.internal.reflect.NativeMethodAccessorImpl.invoke(NativeMethodAccessorImpl.java:77)
at java.base/jdk.internal.reflect.DelegatingMethodAccessorImpl.invoke(DelegatingMethodAccessorImpl.java:43)
at java.base/java.lang.reflect.Method.invoke(Method.java:568)
at org.openqa.selenium.support.pagefactory.internal.LocatingElementHandler.invoke(LocatingElementHandler.java:52)
at jdk.proxy2/jdk.proxy2.$Proxy19.click(Unknown Source)
at com.qa.nobero.cartTest.cartTest.ToVerifyProductIsAddedToCartTest(cartTest.java:18)
at java.base/jdk.internal.reflect.NativeMethodAccessorImpl.invoke0(Native Method)
at java.base/jdk.internal.reflect.NativeMethodAccessorImpl.invoke(NativeMethodAccessorImpl.java:77)
at java.base/jdk.internal.reflect.DelegatingMethodAccessorImpl.invoke(DelegatingMethodAccessorImpl.java:43)
at java.base/java.lang.reflect.Method.invoke(Method.java:568)
at org.testng.internal.invokers.MethodInvocationHelper.invokeMethod(MethodInvocationHelper.java:139)
at org.testng.internal.invokers.TestInvoker.invokeMethod(TestInvoker.java:677)
at org.testng.internal.invokers.TestInvoker.retryFailed(TestInvoker.java:263)
at org.testng.internal.invokers.MethodRunner.runInSequence(MethodRunner.java:62)
at org.testng.internal.invokers.TestInvoker$MethodInvocationAgent.invoke(TestInvoker.java:969)
at org.testng.internal.invokers.TestInvoker.invokeTestMethods(TestInvoker.java:194)
at org.testng.internal.invokers.TestMethodWorker.invokeTestMethods(TestMethodWorker.java:148)
at org.testng.internal.invokers.TestMethodWorker.run(TestMethodWorker.java:128)
at java.base/java.util.ArrayList.forEach(ArrayList.java:1511)
at org.testng.TestRunner.privateRun(TestRunner.java:829)
at org.testng.TestRunner.run(TestRunner.java:602)
at org.testng.SuiteRunner.runTest(SuiteRunner.java:437)
at org.testng.SuiteRunner.runSequentially(SuiteRunner.java:431)
at org.testng.SuiteRunner.privateRun(SuiteRunner.java:391)
at org.testng.SuiteRunner.run(SuiteRunner.java:330)
at org.testng.SuiteRunnerWorker.runSuite(SuiteRunnerWorker.java:52)
at org.testng.SuiteRunnerWorker.run(SuiteRunnerWorker.java:95)
at org.testng.TestNG.runSuitesSequentially(TestNG.java:1256)
at org.testng.TestNG.runSuitesLocally(TestNG.java:1176)
at org.testng.TestNG.runSuites(TestNG.java:1099)
at org.testng.TestNG.run(TestNG.java:1067)
at org.testng.remote.AbstractRemoteTestNG.run(AbstractRemoteTestNG.java:115)
at org.testng.remote.RemoteTestNG.initAndRun(RemoteTestNG.java:251)
at org.testng.remote.RemoteTestNG.main(RemoteTestNG.java:77)
]]>
    </failure>
  </testcase> <!-- ToVerifyProductIsAddedToCartTest -->
</testsuite> <!-- Default test -->
