<?xml version="1.0" encoding="UTF-8"?>
<!-- Generated by org.testng.reporters.JUnitReportReporter -->
<testsuite hostname="TYSS-Praveen" failures="0" tests="5" name="com.qa.nobero.cartTest.cartTest" time="10.905" errors="1" timestamp="2023-04-19T12:15:42 IST" skipped="4">
  <testcase classname="com.qa.nobero.cartTest.cartTest" name="ToVerifyProductIsAddedToCartTest" time="1.145">
    <skipped/>
  </testcase> <!-- ToVerifyProductIsAddedToCartTest -->
  <system-out/>
  <testcase classname="com.qa.nobero.cartTest.cartTest" name="ToVerifyProductIsAddedToCartTest" time="1.151">
    <error message="element click intercepted: Element &lt;svg width=&quot;18&quot; height=&quot;16&quot; viewBox=&quot;0 0 18 16&quot; fill=&quot;none&quot; xmlns=&quot;http://www.w3.org/2000/svg&quot;&gt;...&lt;/svg&gt; is not clickable at point (28, 59). Other element would receive the click: &lt;div id=&quot;filter-dropdown-bg&quot; class=&quot;z-50 fixed left-0 top-0 h-screen w-screen bg-[#141A38]/50 invisible&quot; style=&quot;visibility: visible;&quot;&gt;&lt;/div&gt;
  (Session info: chrome=112.0.5615.101)
Build info: version: &#039;4.8.1&#039;, revision: &#039;8ebccac989&#039;
System info: os.name: &#039;Windows 10&#039;, os.arch: &#039;amd64&#039;, os.version: &#039;10.0&#039;, java.version: &#039;17.0.6&#039;
Driver info: io.appium.java_client.android.AndroidDriver
Command: [669f2ac3-6636-4234-923a-afc9f1169268, clickElement {id=c10a0772-73fd-4e34-a027-ac0fcc63ec4d}]
Capabilities {appium:appActivity: com.google.android.apps.chr..., appium:appPackage: com.android.chrome, appium:automationName: uiautomator2, appium:chromedriverExecutable: C:\Users\Praveen B\Download..., appium:chromedriverExecutableDir: null/driver/.exe, appium:databaseEnabled: false, appium:desired: {automationName: uiautomator2, browserName: chrome, chromedriverExecutable: C:\Users\Praveen B\Download..., chromedriverExecutableDir: null/driver/.exe, deviceName: &quot;Redmi Note 12&quot;, platformName: android, platformVersion: 12, udid: 509ead11022}, appium:deviceApiLevel: 31, appium:deviceManufacturer: Xiaomi, appium:deviceModel: 22111317I, appium:deviceName: 509ead11022, appium:deviceScreenDensity: 440, appium:deviceScreenSize: 1080x2400, appium:deviceUDID: 509ead11022, appium:javascriptEnabled: true, appium:locationContextEnabled: false, appium:networkConnectionEnabled: true, appium:pixelRatio: 2.75, appium:platformVersion: 12, appium:statBarHeight: 94, appium:takesScreenshot: true, appium:udid: 509ead11022, appium:viewportRect: {height: 2168, left: 0, top: 94, width: 1080}, appium:warnings: {}, appium:webStorageEnabled: false, browserName: chrome, platformName: ANDROID}
Element: [[AndroidDriver: chrome on ANDROID (669f2ac3-6636-4234-923a-afc9f1169268)] -&gt; xpath: //*[local-name()=&#039;svg&#039; and @viewBox=&#039;0 0 18 16&#039;]]
Session ID: 669f2ac3-6636-4234-923a-afc9f1169268" type="org.openqa.selenium.ElementClickInterceptedException">
      <![CDATA[org.openqa.selenium.ElementClickInterceptedException: element click intercepted: Element <svg width="18" height="16" viewBox="0 0 18 16" fill="none" xmlns="http://www.w3.org/2000/svg">...</svg> is not clickable at point (28, 59). Other element would receive the click: <div id="filter-dropdown-bg" class="z-50 fixed left-0 top-0 h-screen w-screen bg-[#141A38]/50 invisible" style="visibility: visible;"></div>
  (Session info: chrome=112.0.5615.101)
Build info: version: '4.8.1', revision: '8ebccac989'
System info: os.name: 'Windows 10', os.arch: 'amd64', os.version: '10.0', java.version: '17.0.6'
Driver info: io.appium.java_client.android.AndroidDriver
Command: [669f2ac3-6636-4234-923a-afc9f1169268, clickElement {id=c10a0772-73fd-4e34-a027-ac0fcc63ec4d}]
Capabilities {appium:appActivity: com.google.android.apps.chr..., appium:appPackage: com.android.chrome, appium:automationName: uiautomator2, appium:chromedriverExecutable: C:\Users\Praveen B\Download..., appium:chromedriverExecutableDir: null/driver/.exe, appium:databaseEnabled: false, appium:desired: {automationName: uiautomator2, browserName: chrome, chromedriverExecutable: C:\Users\Praveen B\Download..., chromedriverExecutableDir: null/driver/.exe, deviceName: "Redmi Note 12", platformName: android, platformVersion: 12, udid: 509ead11022}, appium:deviceApiLevel: 31, appium:deviceManufacturer: Xiaomi, appium:deviceModel: 22111317I, appium:deviceName: 509ead11022, appium:deviceScreenDensity: 440, appium:deviceScreenSize: 1080x2400, appium:deviceUDID: 509ead11022, appium:javascriptEnabled: true, appium:locationContextEnabled: false, appium:networkConnectionEnabled: true, appium:pixelRatio: 2.75, appium:platformVersion: 12, appium:statBarHeight: 94, appium:takesScreenshot: true, appium:udid: 509ead11022, appium:viewportRect: {height: 2168, left: 0, top: 94, width: 1080}, appium:warnings: {}, appium:webStorageEnabled: false, browserName: chrome, platformName: ANDROID}
Element: [[AndroidDriver: chrome on ANDROID (669f2ac3-6636-4234-923a-afc9f1169268)] -> xpath: //*[local-name()='svg' and @viewBox='0 0 18 16']]
Session ID: 669f2ac3-6636-4234-923a-afc9f1169268
at java.base/jdk.internal.reflect.NativeConstructorAccessorImpl.newInstance0(Native Method)
at java.base/jdk.internal.reflect.NativeConstructorAccessorImpl.newInstance(NativeConstructorAccessorImpl.java:77)
at java.base/jdk.internal.reflect.DelegatingConstructorAccessorImpl.newInstance(DelegatingConstructorAccessorImpl.java:45)
at java.base/java.lang.reflect.Constructor.newInstanceWithCaller(Constructor.java:499)
at java.base/java.lang.reflect.Constructor.newInstance(Constructor.java:480)
at org.openqa.selenium.remote.codec.w3c.W3CHttpResponseCodec.createException(W3CHttpResponseCodec.java:200)
at org.openqa.selenium.remote.codec.w3c.W3CHttpResponseCodec.decode(W3CHttpResponseCodec.java:133)
at org.openqa.selenium.remote.codec.w3c.W3CHttpResponseCodec.decode(W3CHttpResponseCodec.java:53)
at org.openqa.selenium.remote.HttpCommandExecutor.execute(HttpCommandExecutor.java:184)
at io.appium.java_client.remote.AppiumCommandExecutor.execute(AppiumCommandExecutor.java:262)
at org.openqa.selenium.remote.RemoteWebDriver.execute(RemoteWebDriver.java:543)
at org.openqa.selenium.remote.RemoteWebElement.execute(RemoteWebElement.java:257)
at org.openqa.selenium.remote.RemoteWebElement.click(RemoteWebElement.java:78)
at java.base/jdk.internal.reflect.NativeMethodAccessorImpl.invoke0(Native Method)
at java.base/jdk.internal.reflect.NativeMethodAccessorImpl.invoke(NativeMethodAccessorImpl.java:77)
at java.base/jdk.internal.reflect.DelegatingMethodAccessorImpl.invoke(DelegatingMethodAccessorImpl.java:43)
at java.base/java.lang.reflect.Method.invoke(Method.java:568)
at org.openqa.selenium.support.pagefactory.internal.LocatingElementHandler.invoke(LocatingElementHandler.java:52)
at jdk.proxy2/jdk.proxy2.$Proxy19.click(Unknown Source)
at com.qa.nobero.cartTest.cartTest.ToVerifyProductIsAddedToCartTest(cartTest.java:18)
at java.base/jdk.internal.reflect.NativeMethodAccessorImpl.invoke0(Native Method)
at java.base/jdk.internal.reflect.NativeMethodAccessorImpl.invoke(NativeMethodAccessorImpl.java:77)
at java.base/jdk.internal.reflect.DelegatingMethodAccessorImpl.invoke(DelegatingMethodAccessorImpl.java:43)
at java.base/java.lang.reflect.Method.invoke(Method.java:568)
at org.testng.internal.invokers.MethodInvocationHelper.invokeMethod(MethodInvocationHelper.java:139)
at org.testng.internal.invokers.TestInvoker.invokeMethod(TestInvoker.java:677)
at org.testng.internal.invokers.TestInvoker.retryFailed(TestInvoker.java:263)
at org.testng.internal.invokers.MethodRunner.runInSequence(MethodRunner.java:62)
at org.testng.internal.invokers.TestInvoker$MethodInvocationAgent.invoke(TestInvoker.java:969)
at org.testng.internal.invokers.TestInvoker.invokeTestMethods(TestInvoker.java:194)
at org.testng.internal.invokers.TestMethodWorker.invokeTestMethods(TestMethodWorker.java:148)
at org.testng.internal.invokers.TestMethodWorker.run(TestMethodWorker.java:128)
at java.base/java.util.ArrayList.forEach(ArrayList.java:1511)
at org.testng.TestRunner.privateRun(TestRunner.java:829)
at org.testng.TestRunner.run(TestRunner.java:602)
at org.testng.SuiteRunner.runTest(SuiteRunner.java:437)
at org.testng.SuiteRunner.runSequentially(SuiteRunner.java:431)
at org.testng.SuiteRunner.privateRun(SuiteRunner.java:391)
at org.testng.SuiteRunner.run(SuiteRunner.java:330)
at org.testng.SuiteRunnerWorker.runSuite(SuiteRunnerWorker.java:52)
at org.testng.SuiteRunnerWorker.run(SuiteRunnerWorker.java:95)
at org.testng.TestNG.runSuitesSequentially(TestNG.java:1256)
at org.testng.TestNG.runSuitesLocally(TestNG.java:1176)
at org.testng.TestNG.runSuites(TestNG.java:1099)
at org.testng.TestNG.run(TestNG.java:1067)
at org.testng.remote.AbstractRemoteTestNG.run(AbstractRemoteTestNG.java:115)
at org.testng.remote.RemoteTestNG.initAndRun(RemoteTestNG.java:251)
at org.testng.remote.RemoteTestNG.main(RemoteTestNG.java:77)
]]>
    </error>
  </testcase> <!-- ToVerifyProductIsAddedToCartTest -->
  <system-out/>
  <testcase classname="com.qa.nobero.cartTest.cartTest" name="ToVerifyProductIsAddedToCartTest" time="1.246">
    <skipped/>
  </testcase> <!-- ToVerifyProductIsAddedToCartTest -->
  <system-out/>
  <testcase classname="com.qa.nobero.cartTest.cartTest" name="ToVerifyProductIsAddedToCartTest" time="1.197">
    <skipped/>
  </testcase> <!-- ToVerifyProductIsAddedToCartTest -->
  <system-out/>
  <testcase classname="com.qa.nobero.cartTest.cartTest" name="ToVerifyProductIsAddedToCartTest" time="6.166">
    <skipped/>
  </testcase> <!-- ToVerifyProductIsAddedToCartTest -->
  <system-out/>
</testsuite> <!-- com.qa.nobero.cartTest.cartTest -->
